{"C:\\Users\\nench\\Escritorio\\Repositorios\\ProyectoTiendaCoches\\src\\server.js": {"path":"C:\\Users\\nench\\Escritorio\\Repositorios\\ProyectoTiendaCoches\\src\\server.js","statementMap":{"0":{"start":{"line":3,"column":16},"end":{"line":3,"column":34}},"1":{"start":{"line":4,"column":15},"end":{"line":4,"column":44}},"2":{"start":{"line":5,"column":15},"end":{"line":5,"column":32}},"3":{"start":{"line":8,"column":12},"end":{"line":8,"column":21}},"4":{"start":{"line":11,"column":0},"end":{"line":11,"column":42}},"5":{"start":{"line":12,"column":0},"end":{"line":12,"column":39}},"6":{"start":{"line":15,"column":0},"end":{"line":20,"column":4}},"7":{"start":{"line":22,"column":0},"end":{"line":22,"column":31}},"8":{"start":{"line":25,"column":0},"end":{"line":25,"column":23}},"9":{"start":{"line":26,"column":0},"end":{"line":26,"column":24}},"10":{"start":{"line":27,"column":0},"end":{"line":27,"column":49}},"11":{"start":{"line":30,"column":0},"end":{"line":30,"column":53}},"12":{"start":{"line":31,"column":0},"end":{"line":31,"column":50}},"13":{"start":{"line":34,"column":0},"end":{"line":34,"column":47}},"14":{"start":{"line":36,"column":0},"end":{"line":36,"column":21}}},"fnMap":{},"branchMap":{"0":{"loc":{"start":{"line":11,"column":16},"end":{"line":11,"column":40}},"type":"binary-expr","locations":[{"start":{"line":11,"column":16},"end":{"line":11,"column":32}},{"start":{"line":11,"column":36},"end":{"line":11,"column":40}}],"line":11}},"s":{"0":1,"1":1,"2":1,"3":1,"4":1,"5":1,"6":1,"7":1,"8":1,"9":1,"10":1,"11":1,"12":1,"13":1,"14":1},"f":{},"b":{"0":[1,1]},"inputSourceMap":null,"_coverageSchema":"1a1c01bbd47fc00a2c39e90264f33305004495a9","hash":"d4432e3902793a28b680263dfc5bbb9efc89a256"}
,"C:\\Users\\nench\\Escritorio\\Repositorios\\ProyectoTiendaCoches\\src\\controllers_4_Quality\\emailController.js": {"path":"C:\\Users\\nench\\Escritorio\\Repositorios\\ProyectoTiendaCoches\\src\\controllers_4_Quality\\emailController.js","statementMap":{"0":{"start":{"line":3,"column":19},"end":{"line":3,"column":40}},"1":{"start":{"line":4,"column":14},"end":{"line":4,"column":43}},"2":{"start":{"line":5,"column":14},"end":{"line":5,"column":45}},"3":{"start":{"line":7,"column":24},"end":{"line":52,"column":1}},"4":{"start":{"line":10,"column":8},"end":{"line":10,"column":110}},"5":{"start":{"line":14,"column":48},"end":{"line":14,"column":56}},"6":{"start":{"line":17,"column":8},"end":{"line":17,"column":29}},"7":{"start":{"line":19,"column":28},"end":{"line":27,"column":9}},"8":{"start":{"line":28,"column":8},"end":{"line":28,"column":33}},"9":{"start":{"line":31,"column":28},"end":{"line":39,"column":10}},"10":{"start":{"line":42,"column":21},"end":{"line":47,"column":10}},"11":{"start":{"line":49,"column":8},"end":{"line":49,"column":52}},"12":{"start":{"line":50,"column":8},"end":{"line":50,"column":76}},"13":{"start":{"line":54,"column":0},"end":{"line":54,"column":33}}},"fnMap":{"0":{"name":"(anonymous_0)","decl":{"start":{"line":9,"column":25},"end":{"line":9,"column":26}},"loc":{"start":{"line":9,"column":39},"end":{"line":11,"column":5}},"line":9},"1":{"name":"(anonymous_1)","decl":{"start":{"line":13,"column":15},"end":{"line":13,"column":16}},"loc":{"start":{"line":13,"column":35},"end":{"line":51,"column":5}},"line":13}},"branchMap":{},"s":{"0":1,"1":1,"2":1,"3":1,"4":0,"5":2,"6":2,"7":2,"8":2,"9":2,"10":2,"11":2,"12":2,"13":1},"f":{"0":0,"1":2},"b":{},"inputSourceMap":null,"_coverageSchema":"1a1c01bbd47fc00a2c39e90264f33305004495a9","hash":"b47509c7c0144198c88fe113e23c484921cb1935"}
,"C:\\Users\\nench\\Escritorio\\Repositorios\\ProyectoTiendaCoches\\src\\controllers_4_Quality\\questionController.js": {"path":"C:\\Users\\nench\\Escritorio\\Repositorios\\ProyectoTiendaCoches\\src\\controllers_4_Quality\\questionController.js","statementMap":{"0":{"start":{"line":3,"column":21},"end":{"line":3,"column":39}},"1":{"start":{"line":4,"column":17},"end":{"line":4,"column":45}},"2":{"start":{"line":6,"column":27},"end":{"line":13,"column":1}},"3":{"start":{"line":10,"column":8},"end":{"line":10,"column":58}},"4":{"start":{"line":15,"column":0},"end":{"line":15,"column":36}}},"fnMap":{"0":{"name":"(anonymous_0)","decl":{"start":{"line":8,"column":22},"end":{"line":8,"column":23}},"loc":{"start":{"line":8,"column":36},"end":{"line":12,"column":5}},"line":8}},"branchMap":{},"s":{"0":1,"1":1,"2":1,"3":0,"4":1},"f":{"0":0},"b":{},"inputSourceMap":null,"_coverageSchema":"1a1c01bbd47fc00a2c39e90264f33305004495a9","hash":"8c04d141d886052536995385ec993946ff4bd9f3"}
,"C:\\Users\\nench\\Escritorio\\Repositorios\\ProyectoTiendaCoches\\src\\models\\emailModel.js": {"path":"C:\\Users\\nench\\Escritorio\\Repositorios\\ProyectoTiendaCoches\\src\\models\\emailModel.js","statementMap":{"0":{"start":{"line":3,"column":26},"end":{"line":3,"column":45}},"1":{"start":{"line":5,"column":20},"end":{"line":22,"column":2}},"2":{"start":{"line":24,"column":0},"end":{"line":24,"column":45}}},"fnMap":{},"branchMap":{},"s":{"0":1,"1":1,"2":1},"f":{},"b":{},"inputSourceMap":null,"_coverageSchema":"1a1c01bbd47fc00a2c39e90264f33305004495a9","hash":"64b890bb713d30ca52c109be3124512de8164545"}
,"C:\\Users\\nench\\Escritorio\\Repositorios\\ProyectoTiendaCoches\\src\\routes_4_Quality\\emailRoute.js": {"path":"C:\\Users\\nench\\Escritorio\\Repositorios\\ProyectoTiendaCoches\\src\\routes_4_Quality\\emailRoute.js","statementMap":{"0":{"start":{"line":3,"column":19},"end":{"line":3,"column":37}},"1":{"start":{"line":4,"column":15},"end":{"line":4,"column":23}},"2":{"start":{"line":6,"column":24},"end":{"line":6,"column":75}},"3":{"start":{"line":9,"column":0},"end":{"line":9,"column":57}},"4":{"start":{"line":11,"column":0},"end":{"line":11,"column":54}},"5":{"start":{"line":13,"column":0},"end":{"line":13,"column":24}}},"fnMap":{},"branchMap":{},"s":{"0":1,"1":1,"2":1,"3":1,"4":1,"5":1},"f":{},"b":{},"inputSourceMap":null,"_coverageSchema":"1a1c01bbd47fc00a2c39e90264f33305004495a9","hash":"4dd83e1674d460d833612f11a0dd3316b2e706da"}
,"C:\\Users\\nench\\Escritorio\\Repositorios\\ProyectoTiendaCoches\\src\\routes_4_Quality\\questionRoute.js": {"path":"C:\\Users\\nench\\Escritorio\\Repositorios\\ProyectoTiendaCoches\\src\\routes_4_Quality\\questionRoute.js","statementMap":{"0":{"start":{"line":3,"column":19},"end":{"line":3,"column":37}},"1":{"start":{"line":4,"column":15},"end":{"line":4,"column":23}},"2":{"start":{"line":6,"column":27},"end":{"line":6,"column":81}},"3":{"start":{"line":9,"column":0},"end":{"line":9,"column":57}},"4":{"start":{"line":11,"column":0},"end":{"line":11,"column":24}}},"fnMap":{},"branchMap":{},"s":{"0":1,"1":1,"2":1,"3":1,"4":1},"f":{},"b":{},"inputSourceMap":null,"_coverageSchema":"1a1c01bbd47fc00a2c39e90264f33305004495a9","hash":"19ac66ba2c80478f67b7772e1bb89e5c100a2dea"}
}
