TN:
SF:src\server.js
FNF:0
FNH:0
DA:3,1
DA:4,1
DA:5,1
DA:8,1
DA:11,1
DA:12,1
DA:15,1
DA:22,1
DA:25,1
DA:26,1
DA:27,1
DA:30,1
DA:31,1
DA:34,1
DA:36,1
LF:15
LH:15
BRDA:11,0,0,1
BRDA:11,0,1,1
BRF:2
BRH:2
end_of_record
TN:
SF:src\controllers_4_Quality\emailController.js
FN:9,(anonymous_0)
FN:13,(anonymous_1)
FNF:2
FNH:1
FNDA:0,(anonymous_0)
FNDA:2,(anonymous_1)
DA:3,1
DA:4,1
DA:5,1
DA:7,1
DA:10,0
DA:14,2
DA:17,2
DA:19,2
DA:28,2
DA:31,2
DA:42,2
DA:49,2
DA:50,2
DA:54,1
LF:14
LH:13
BRF:0
BRH:0
end_of_record
TN:
SF:src\controllers_4_Quality\questionController.js
FN:8,(anonymous_0)
FNF:1
FNH:0
FNDA:0,(anonymous_0)
DA:3,1
DA:4,1
DA:6,1
DA:10,0
DA:15,1
LF:5
LH:4
BRF:0
BRH:0
end_of_record
TN:
SF:src\models\emailModel.js
FNF:0
FNH:0
DA:3,1
DA:5,1
DA:24,1
LF:3
LH:3
BRF:0
BRH:0
end_of_record
TN:
SF:src\routes_4_Quality\emailRoute.js
FNF:0
FNH:0
DA:3,1
DA:4,1
DA:6,1
DA:9,1
DA:11,1
DA:13,1
LF:6
LH:6
BRF:0
BRH:0
end_of_record
TN:
SF:src\routes_4_Quality\questionRoute.js
FNF:0
FNH:0
DA:3,1
DA:4,1
DA:6,1
DA:9,1
DA:11,1
LF:5
LH:5
BRF:0
BRH:0
end_of_record
